
> @devboard-interactive/ui@0.0.5 build
> tsup

[34mCLI[39m Building entry: src/lib/utils.ts, src/lib/hooks/use-mobile.ts, src/components/ui/accordion.tsx, src/components/ui/alert-dialog.tsx, src/components/ui/alert.tsx, src/components/ui/aspect-ratio.tsx, src/components/ui/avatar.tsx, src/components/ui/badge.tsx, src/components/ui/breadcrumb.tsx, src/components/ui/button-group.tsx, src/components/ui/button.tsx, src/components/ui/calendar.tsx, src/components/ui/card.tsx, src/components/ui/carousel.tsx, src/components/ui/chart.tsx, src/components/ui/checkbox.tsx, src/components/ui/collapsible.tsx, src/components/ui/command.tsx, src/components/ui/context-menu.tsx, src/components/ui/dialog.tsx, src/components/ui/drawer.tsx, src/components/ui/dropdown-menu.tsx, src/components/ui/empty.tsx, src/components/ui/field.tsx, src/components/ui/form.tsx, src/components/ui/hover-card.tsx, src/components/ui/input-group.tsx, src/components/ui/input-otp.tsx, src/components/ui/input.tsx, src/components/ui/item.tsx, src/components/ui/kbd.tsx, src/components/ui/label.tsx, src/components/ui/menubar.tsx, src/components/ui/navigation-menu.tsx, src/components/ui/pagination.tsx, src/components/ui/popover.tsx, src/components/ui/progress.tsx, src/components/ui/radio-group.tsx, src/components/ui/scroll-area.tsx, src/components/ui/select.tsx, src/components/ui/separator.tsx, src/components/ui/sheet.tsx, src/components/ui/sidebar.tsx, src/components/ui/skeleton.tsx, src/components/ui/slider.tsx, src/components/ui/sonner.tsx, src/components/ui/spinner.tsx, src/components/ui/switch.tsx, src/components/ui/table.tsx, src/components/ui/tabs.tsx, src/components/ui/textarea.tsx, src/components/ui/toggle-group.tsx, src/components/ui/toggle.tsx, src/components/ui/tooltip.tsx
[34mCLI[39m Using tsconfig: tsconfig.json
[34mCLI[39m tsup v8.5.1
[34mCLI[39m Using tsup config: /home/runner/work/devboard/devboard/packages/ui/tsup.config.ts
[34mCLI[39m Target: es2020
[34mESM[39m Build start
[34mCJS[39m Build start
[32mESM[39m [1mdist/chunk-MSNVVFLP.mjs                [22m[32m1.16 KB[39m
[32mESM[39m [1mdist/lib/utils.mjs                     [22m[32m54.00 B[39m
[32mESM[39m [1mdist/lib/hooks/use-mobile.mjs          [22m[32m66.00 B[39m
[32mESM[39m [1mdist/chunk-2H7ULQXI.mjs                [22m[32m1.13 KB[39m
[32mESM[39m [1mdist/chunk-BQW2QEAP.mjs                [22m[32m2.48 KB[39m
[32mESM[39m [1mdist/chunk-G52W22TX.mjs                [22m[32m226.00 B[39m
[32mESM[39m [1mdist/chunk-2LW7NK2Q.mjs                [22m[32m827.00 B[39m
[32mESM[39m [1mdist/chunk-UYVN7PTB.mjs                [22m[32m648.00 B[39m
[32mESM[39m [1mdist/chunk-AVWWWXEP.mjs                [22m[32m2.36 KB[39m
[32mESM[39m [1mdist/chunk-ARN4O7AE.mjs                [22m[32m441.00 B[39m
[32mESM[39m [1mdist/chunk-U7RTZ3S4.mjs                [22m[32m466.00 B[39m
[32mESM[39m [1mdist/chunk-GYODX6VU.mjs                [22m[32m298.00 B[39m
[32mESM[39m [1mdist/chunk-DJNQYTC5.mjs                [22m[32m1.68 KB[39m
[32mESM[39m [1mdist/chunk-WIPTQCGG.mjs                [22m[32m117.00 B[39m
[32mESM[39m [1mdist/components/ui/table.mjs           [22m[32m1.55 KB[39m
[32mESM[39m [1mdist/components/ui/textarea.mjs        [22m[32m96.00 B[39m
[32mESM[39m [1mdist/components/ui/toggle-group.mjs    [22m[32m1.29 KB[39m
[32mESM[39m [1mdist/components/ui/toggle.mjs          [22m[32m129.00 B[39m
[32mESM[39m [1mdist/components/ui/tabs.mjs            [22m[32m1.37 KB[39m
[32mESM[39m [1mdist/components/ui/tooltip.mjs         [22m[32m175.00 B[39m
[32mESM[39m [1mdist/components/ui/separator.mjs       [22m[32m110.00 B[39m
[32mESM[39m [1mdist/components/ui/sheet.mjs           [22m[32m244.00 B[39m
[32mESM[39m [1mdist/components/ui/skeleton.mjs        [22m[32m96.00 B[39m
[32mESM[39m [1mdist/components/ui/slider.mjs          [22m[32m1.37 KB[39m
[32mESM[39m [1mdist/components/ui/sidebar.mjs         [22m[32m13.32 KB[39m
[32mESM[39m [1mdist/components/ui/sonner.mjs          [22m[32m700.00 B[39m
[32mESM[39m [1mdist/components/ui/spinner.mjs         [22m[32m274.00 B[39m
[32mESM[39m [1mdist/components/ui/switch.mjs          [22m[32m944.00 B[39m
[32mESM[39m [1mdist/components/ui/pagination.mjs      [22m[32m1.63 KB[39m
[32mESM[39m [1mdist/components/ui/menubar.mjs         [22m[32m5.43 KB[39m
[32mESM[39m [1mdist/components/ui/navigation-menu.mjs [22m[32m4.76 KB[39m
[32mESM[39m [1mdist/components/ui/popover.mjs         [22m[32m1.07 KB[39m
[32mESM[39m [1mdist/components/ui/radio-group.mjs     [22m[32m1.02 KB[39m
[32mESM[39m [1mdist/components/ui/scroll-area.mjs     [22m[32m1016.00 B[39m
[32mESM[39m [1mdist/components/ui/select.mjs          [22m[32m4.14 KB[39m
[32mESM[39m [1mdist/components/ui/hover-card.mjs      [22m[32m1.03 KB[39m
[32mESM[39m [1mdist/components/ui/progress.mjs        [22m[32m496.00 B[39m
[32mESM[39m [1mdist/components/ui/input-group.mjs     [22m[32m3.47 KB[39m
[32mESM[39m [1mdist/components/ui/form.mjs            [22m[32m1.78 KB[39m
[32mESM[39m [1mdist/components/ui/input-otp.mjs       [22m[32m1.62 KB[39m
[32mESM[39m [1mdist/components/ui/input.mjs           [22m[32m93.00 B[39m
[32mESM[39m [1mdist/components/ui/item.mjs            [22m[32m2.84 KB[39m
[32mESM[39m [1mdist/components/ui/label.mjs           [22m[32m106.00 B[39m
[32mESM[39m [1mdist/components/ui/kbd.mjs             [22m[32m697.00 B[39m
[32mESM[39m [1mdist/components/ui/collapsible.mjs     [22m[32m424.00 B[39m
[32mESM[39m [1mdist/components/ui/command.mjs         [22m[32m3.04 KB[39m
[32mESM[39m [1mdist/components/ui/dialog.mjs          [22m[32m293.00 B[39m
[32mESM[39m [1mdist/components/ui/context-menu.mjs    [22m[32m5.33 KB[39m
[32mESM[39m [1mdist/components/ui/drawer.mjs          [22m[32m2.86 KB[39m
[32mESM[39m [1mdist/components/ui/field.mjs           [22m[32m3.99 KB[39m
[32mESM[39m [1mdist/components/ui/empty.mjs           [22m[32m1.56 KB[39m
[32mESM[39m [1mdist/components/ui/dropdown-menu.mjs   [22m[32m5.39 KB[39m
[32mESM[39m [1mdist/components/ui/breadcrumb.mjs      [22m[32m1.54 KB[39m
[32mESM[39m [1mdist/components/ui/button.mjs          [22m[32m116.00 B[39m
[32mESM[39m [1mdist/components/ui/calendar.mjs        [22m[32m4.72 KB[39m
[32mESM[39m [1mdist/components/ui/card.mjs            [22m[32m1.25 KB[39m
[32mESM[39m [1mdist/components/ui/button-group.mjs    [22m[32m1.52 KB[39m
[32mESM[39m [1mdist/components/ui/carousel.mjs        [22m[32m2.71 KB[39m
[32mESM[39m [1mdist/components/ui/checkbox.mjs        [22m[32m955.00 B[39m
[32mESM[39m [1mdist/components/ui/alert-dialog.mjs    [22m[32m2.16 KB[39m
[32mESM[39m [1mdist/components/ui/chart.mjs           [22m[32m4.28 KB[39m
[32mESM[39m [1mdist/components/ui/accordion.mjs       [22m[32m1.32 KB[39m
[32mESM[39m [1mdist/components/ui/alert.mjs           [22m[32m1.09 KB[39m
[32mESM[39m [1mdist/components/ui/aspect-ratio.mjs    [22m[32m196.00 B[39m
[32mESM[39m [1mdist/components/ui/avatar.mjs          [22m[32m644.00 B[39m
[32mESM[39m [1mdist/components/ui/badge.mjs           [22m[32m1.24 KB[39m
[32mESM[39m ⚡️ Build success in 140ms
[32mCJS[39m [1mdist/lib/utils.js                     [22m[32m598.00 B[39m
[32mCJS[39m [1mdist/lib/hooks/use-mobile.js          [22m[32m944.00 B[39m
[32mCJS[39m [1mdist/components/ui/accordion.js       [22m[32m2.08 KB[39m
[32mCJS[39m [1mdist/components/ui/alert-dialog.js    [22m[32m4.44 KB[39m
[32mCJS[39m [1mdist/components/ui/alert.js           [22m[32m1.66 KB[39m
[32mCJS[39m [1mdist/components/ui/aspect-ratio.js    [22m[32m829.00 B[39m
[32mCJS[39m [1mdist/components/ui/avatar.js          [22m[32m1.34 KB[39m
[32mCJS[39m [1mdist/components/ui/breadcrumb.js      [22m[32m2.22 KB[39m
[32mCJS[39m [1mdist/components/ui/badge.js           [22m[32m1.78 KB[39m
[32mCJS[39m [1mdist/components/ui/button.js          [22m[32m2.24 KB[39m
[32mCJS[39m [1mdist/components/ui/button-group.js    [22m[32m2.63 KB[39m
[32mCJS[39m [1mdist/components/ui/calendar.js        [22m[32m7.03 KB[39m
[32mCJS[39m [1mdist/components/ui/card.js            [22m[32m1.90 KB[39m
[32mCJS[39m [1mdist/components/ui/carousel.js        [22m[32m5.08 KB[39m
[32mCJS[39m [1mdist/components/ui/collapsible.js     [22m[32m1.08 KB[39m
[32mCJS[39m [1mdist/components/ui/chart.js           [22m[32m5.18 KB[39m
[32mCJS[39m [1mdist/components/ui/checkbox.js        [22m[32m1.62 KB[39m
[32mCJS[39m [1mdist/components/ui/dialog.js          [22m[32m3.38 KB[39m
[32mCJS[39m [1mdist/components/ui/command.js         [22m[32m5.93 KB[39m
[32mCJS[39m [1mdist/components/ui/context-menu.js    [22m[32m6.43 KB[39m
[32mCJS[39m [1mdist/components/ui/drawer.js          [22m[32m3.64 KB[39m
[32mCJS[39m [1mdist/components/ui/dropdown-menu.js   [22m[32m6.50 KB[39m
[32mCJS[39m [1mdist/components/ui/empty.js           [22m[32m2.19 KB[39m
[32mCJS[39m [1mdist/components/ui/form.js            [22m[32m2.90 KB[39m
[32mCJS[39m [1mdist/components/ui/field.js           [22m[32m5.55 KB[39m
[32mCJS[39m [1mdist/components/ui/hover-card.js      [22m[32m1.76 KB[39m
[32mCJS[39m [1mdist/components/ui/input-group.js     [22m[32m6.95 KB[39m
[32mCJS[39m [1mdist/components/ui/input.js           [22m[32m1.35 KB[39m
[32mCJS[39m [1mdist/components/ui/input-otp.js       [22m[32m2.36 KB[39m
[32mCJS[39m [1mdist/components/ui/item.js            [22m[32m4.05 KB[39m
[32mCJS[39m [1mdist/components/ui/kbd.js             [22m[32m1.22 KB[39m
[32mCJS[39m [1mdist/components/ui/label.js           [22m[32m1.12 KB[39m
[32mCJS[39m [1mdist/components/ui/pagination.js      [22m[32m3.67 KB[39m
[32mCJS[39m [1mdist/components/ui/menubar.js         [22m[32m6.48 KB[39m
[32mCJS[39m [1mdist/components/ui/navigation-menu.js [22m[32m5.68 KB[39m
[32mCJS[39m [1mdist/components/ui/radio-group.js     [22m[32m1.73 KB[39m
[32mCJS[39m [1mdist/components/ui/scroll-area.js     [22m[32m1.71 KB[39m
[32mCJS[39m [1mdist/components/ui/popover.js         [22m[32m1.82 KB[39m
[32mCJS[39m [1mdist/components/ui/select.js          [22m[32m5.11 KB[39m
[32mCJS[39m [1mdist/components/ui/separator.js       [22m[32m1.16 KB[39m
[32mCJS[39m [1mdist/components/ui/sheet.js           [22m[32m3.43 KB[39m
[32mCJS[39m [1mdist/components/ui/slider.js          [22m[32m2.06 KB[39m
[32mCJS[39m [1mdist/components/ui/sonner.js          [22m[32m1.16 KB[39m
[32mCJS[39m [1mdist/components/ui/skeleton.js        [22m[32m781.00 B[39m
[32mCJS[39m [1mdist/components/ui/sidebar.js         [22m[32m20.87 KB[39m
[32mCJS[39m [1mdist/components/ui/spinner.js         [22m[32m816.00 B[39m
[32mCJS[39m [1mdist/components/ui/switch.js          [22m[32m1.60 KB[39m
[32mCJS[39m [1mdist/components/ui/table.js           [22m[32m2.22 KB[39m
[32mCJS[39m [1mdist/components/ui/tabs.js            [22m[32m2.10 KB[39m
[32mCJS[39m [1mdist/components/ui/toggle-group.js    [22m[32m2.90 KB[39m
[32mCJS[39m [1mdist/components/ui/textarea.js        [22m[32m1.17 KB[39m
[32mCJS[39m [1mdist/components/ui/toggle.js          [22m[32m1.87 KB[39m
[32mCJS[39m [1mdist/components/ui/tooltip.js         [22m[32m1.95 KB[39m
[32mCJS[39m [1mdist/components/ui/progress.js        [22m[32m1.17 KB[39m
[32mCJS[39m ⚡️ Build success in 142ms
[34mDTS[39m Build start
[32mDTS[39m ⚡️ Build success in 5384ms
[32mDTS[39m [1mdist/lib/utils.d.mts                     [22m[32m106.00 B[39m
[32mDTS[39m [1mdist/lib/hooks/use-mobile.d.mts          [22m[32m66.00 B[39m
[32mDTS[39m [1mdist/components/ui/accordion.d.mts       [22m[32m813.00 B[39m
[32mDTS[39m [1mdist/components/ui/alert-dialog.d.mts    [22m[32m1.90 KB[39m
[32mDTS[39m [1mdist/components/ui/alert.d.mts           [22m[32m837.00 B[39m
[32mDTS[39m [1mdist/components/ui/aspect-ratio.d.mts    [22m[32m283.00 B[39m
[32mDTS[39m [1mdist/components/ui/avatar.d.mts          [22m[32m611.00 B[39m
[32mDTS[39m [1mdist/components/ui/badge.d.mts           [22m[32m707.00 B[39m
[32mDTS[39m [1mdist/components/ui/breadcrumb.d.mts      [22m[32m1.06 KB[39m
[32mDTS[39m [1mdist/components/ui/button-group.d.mts    [22m[32m1.01 KB[39m
[32mDTS[39m [1mdist/components/ui/calendar.d.mts        [22m[32m730.00 B[39m
[32mDTS[39m [1mdist/components/ui/card.d.mts            [22m[32m981.00 B[39m
[32mDTS[39m [1mdist/components/ui/carousel.d.mts        [22m[32m1.42 KB[39m
[32mDTS[39m [1mdist/components/ui/chart.d.mts           [22m[32m1.82 KB[39m
[32mDTS[39m [1mdist/components/ui/checkbox.d.mts        [22m[32m310.00 B[39m
[32mDTS[39m [1mdist/components/ui/collapsible.d.mts     [22m[32m626.00 B[39m
[32mDTS[39m [1mdist/components/ui/command.d.mts         [22m[32m1.62 KB[39m
[32mDTS[39m [1mdist/components/ui/context-menu.d.mts    [22m[32m2.78 KB[39m
[32mDTS[39m [1mdist/components/ui/dialog.d.mts          [22m[32m1.64 KB[39m
[32mDTS[39m [1mdist/components/ui/drawer.d.mts          [22m[32m1.51 KB[39m
[32mDTS[39m [1mdist/components/ui/dropdown-menu.d.mts   [22m[32m2.84 KB[39m
[32mDTS[39m [1mdist/components/ui/empty.d.mts           [22m[32m1.16 KB[39m
[32mDTS[39m [1mdist/components/ui/field.d.mts           [22m[32m1.97 KB[39m
[32mDTS[39m [1mdist/components/ui/form.d.mts            [22m[32m1.71 KB[39m
[32mDTS[39m [1mdist/components/ui/hover-card.d.mts      [22m[32m645.00 B[39m
[32mDTS[39m [1mdist/components/ui/input-group.d.mts     [22m[32m1.61 KB[39m
[32mDTS[39m [1mdist/components/ui/input-otp.d.mts       [22m[32m753.00 B[39m
[32mDTS[39m [1mdist/components/ui/item.d.mts            [22m[32m2.08 KB[39m
[32mDTS[39m [1mdist/components/ui/kbd.d.mts             [22m[32m303.00 B[39m
[32mDTS[39m [1mdist/components/ui/label.d.mts           [22m[32m295.00 B[39m
[32mDTS[39m [1mdist/components/ui/separator.d.mts       [22m[32m340.00 B[39m
[32mDTS[39m [1mdist/components/ui/button.d.mts          [22m[32m773.00 B[39m
[32mDTS[39m [1mdist/components/ui/input.d.mts           [22m[32m225.00 B[39m
[32mDTS[39m [1mdist/components/ui/menubar.d.mts         [22m[32m2.79 KB[39m
[32mDTS[39m [1mdist/components/ui/navigation-menu.d.mts [22m[32m1.83 KB[39m
[32mDTS[39m [1mdist/components/ui/pagination.d.mts      [22m[32m1.30 KB[39m
[32mDTS[39m [1mdist/components/ui/popover.d.mts         [22m[32m768.00 B[39m
[32mDTS[39m [1mdist/components/ui/progress.d.mts        [22m[32m317.00 B[39m
[32mDTS[39m [1mdist/components/ui/radio-group.d.mts     [22m[32m481.00 B[39m
[32mDTS[39m [1mdist/components/ui/scroll-area.d.mts     [22m[32m509.00 B[39m
[32mDTS[39m [1mdist/components/ui/select.d.mts          [22m[32m1.75 KB[39m
[32mDTS[39m [1mdist/components/ui/sheet.d.mts           [22m[32m1.33 KB[39m
[32mDTS[39m [1mdist/components/ui/sidebar.d.mts         [22m[32m4.92 KB[39m
[32mDTS[39m [1mdist/components/ui/tooltip.d.mts         [22m[32m792.00 B[39m
[32mDTS[39m [1mdist/components/ui/skeleton.d.mts        [22m[32m191.00 B[39m
[32mDTS[39m [1mdist/components/ui/slider.d.mts          [22m[32m331.00 B[39m
[32mDTS[39m [1mdist/components/ui/sonner.d.mts          [22m[32m203.00 B[39m
[32mDTS[39m [1mdist/components/ui/spinner.d.mts         [22m[32m189.00 B[39m
[32mDTS[39m [1mdist/components/ui/switch.d.mts          [22m[32m300.00 B[39m
[32mDTS[39m [1mdist/components/ui/table.d.mts           [22m[32m1.08 KB[39m
[32mDTS[39m [1mdist/components/ui/tabs.d.mts            [22m[32m734.00 B[39m
[32mDTS[39m [1mdist/components/ui/textarea.d.mts        [22m[32m228.00 B[39m
[32mDTS[39m [1mdist/components/ui/toggle-group.d.mts    [22m[32m830.00 B[39m
[32mDTS[39m [1mdist/components/ui/toggle.d.mts          [22m[32m731.00 B[39m
[32mDTS[39m [1mdist/lib/utils.d.ts                      [22m[32m106.00 B[39m
[32mDTS[39m [1mdist/lib/hooks/use-mobile.d.ts           [22m[32m66.00 B[39m
[32mDTS[39m [1mdist/components/ui/accordion.d.ts        [22m[32m813.00 B[39m
[32mDTS[39m [1mdist/components/ui/alert-dialog.d.ts     [22m[32m1.90 KB[39m
[32mDTS[39m [1mdist/components/ui/alert.d.ts            [22m[32m837.00 B[39m
[32mDTS[39m [1mdist/components/ui/aspect-ratio.d.ts     [22m[32m283.00 B[39m
[32mDTS[39m [1mdist/components/ui/avatar.d.ts           [22m[32m611.00 B[39m
[32mDTS[39m [1mdist/components/ui/badge.d.ts            [22m[32m707.00 B[39m
[32mDTS[39m [1mdist/components/ui/breadcrumb.d.ts       [22m[32m1.06 KB[39m
[32mDTS[39m [1mdist/components/ui/button-group.d.ts     [22m[32m1.01 KB[39m
[32mDTS[39m [1mdist/components/ui/calendar.d.ts         [22m[32m729.00 B[39m
[32mDTS[39m [1mdist/components/ui/card.d.ts             [22m[32m981.00 B[39m
[32mDTS[39m [1mdist/components/ui/carousel.d.ts         [22m[32m1.42 KB[39m
[32mDTS[39m [1mdist/components/ui/chart.d.ts            [22m[32m1.82 KB[39m
[32mDTS[39m [1mdist/components/ui/checkbox.d.ts         [22m[32m310.00 B[39m
[32mDTS[39m [1mdist/components/ui/collapsible.d.ts      [22m[32m626.00 B[39m
[32mDTS[39m [1mdist/components/ui/command.d.ts          [22m[32m1.62 KB[39m
[32mDTS[39m [1mdist/components/ui/context-menu.d.ts     [22m[32m2.78 KB[39m
[32mDTS[39m [1mdist/components/ui/dialog.d.ts           [22m[32m1.64 KB[39m
[32mDTS[39m [1mdist/components/ui/drawer.d.ts           [22m[32m1.51 KB[39m
[32mDTS[39m [1mdist/components/ui/dropdown-menu.d.ts    [22m[32m2.84 KB[39m
[32mDTS[39m [1mdist/components/ui/empty.d.ts            [22m[32m1.16 KB[39m
[32mDTS[39m [1mdist/components/ui/field.d.ts            [22m[32m1.96 KB[39m
[32mDTS[39m [1mdist/components/ui/form.d.ts             [22m[32m1.71 KB[39m
[32mDTS[39m [1mdist/components/ui/hover-card.d.ts       [22m[32m645.00 B[39m
[32mDTS[39m [1mdist/components/ui/input-group.d.ts      [22m[32m1.61 KB[39m
[32mDTS[39m [1mdist/components/ui/input-otp.d.ts        [22m[32m753.00 B[39m
[32mDTS[39m [1mdist/components/ui/item.d.ts             [22m[32m2.08 KB[39m
[32mDTS[39m [1mdist/components/ui/kbd.d.ts              [22m[32m303.00 B[39m
[32mDTS[39m [1mdist/components/ui/label.d.ts            [22m[32m295.00 B[39m
[32mDTS[39m [1mdist/components/ui/separator.d.ts        [22m[32m340.00 B[39m
[32mDTS[39m [1mdist/components/ui/button.d.ts           [22m[32m773.00 B[39m
[32mDTS[39m [1mdist/components/ui/input.d.ts            [22m[32m225.00 B[39m
[32mDTS[39m [1mdist/components/ui/menubar.d.ts          [22m[32m2.79 KB[39m
[32mDTS[39m [1mdist/components/ui/navigation-menu.d.ts  [22m[32m1.83 KB[39m
[32mDTS[39m [1mdist/components/ui/pagination.d.ts       [22m[32m1.30 KB[39m
[32mDTS[39m [1mdist/components/ui/popover.d.ts          [22m[32m768.00 B[39m
[32mDTS[39m [1mdist/components/ui/progress.d.ts         [22m[32m317.00 B[39m
[32mDTS[39m [1mdist/components/ui/radio-group.d.ts      [22m[32m481.00 B[39m
[32mDTS[39m [1mdist/components/ui/scroll-area.d.ts      [22m[32m509.00 B[39m
[32mDTS[39m [1mdist/components/ui/select.d.ts           [22m[32m1.75 KB[39m
[32mDTS[39m [1mdist/components/ui/sheet.d.ts            [22m[32m1.33 KB[39m
[32mDTS[39m [1mdist/components/ui/sidebar.d.ts          [22m[32m4.91 KB[39m
[32mDTS[39m [1mdist/components/ui/tooltip.d.ts          [22m[32m792.00 B[39m
[32mDTS[39m [1mdist/components/ui/skeleton.d.ts         [22m[32m191.00 B[39m
[32mDTS[39m [1mdist/components/ui/slider.d.ts           [22m[32m331.00 B[39m
[32mDTS[39m [1mdist/components/ui/sonner.d.ts           [22m[32m203.00 B[39m
[32mDTS[39m [1mdist/components/ui/spinner.d.ts          [22m[32m189.00 B[39m
[32mDTS[39m [1mdist/components/ui/switch.d.ts           [22m[32m300.00 B[39m
[32mDTS[39m [1mdist/components/ui/table.d.ts            [22m[32m1.08 KB[39m
[32mDTS[39m [1mdist/components/ui/tabs.d.ts             [22m[32m734.00 B[39m
[32mDTS[39m [1mdist/components/ui/textarea.d.ts         [22m[32m228.00 B[39m
[32mDTS[39m [1mdist/components/ui/toggle-group.d.ts     [22m[32m829.00 B[39m
[32mDTS[39m [1mdist/components/ui/toggle.d.ts           [22m[32m731.00 B[39m
